<?xml version="1.0" encoding="UTF-8"?>
<testsuite name="TwoferTest" tests="3" skipped="0" failures="0" errors="0" timestamp="2023-04-24T17:43:00" hostname="SAMIR-LAPTOP" time="0.087">
  <properties/>
  <testcase name="noNameGiven" classname="TwoferTest" time="0.077"/>
  <testcase name="aNameGiven" classname="TwoferTest" time="0.008"/>
  <testcase name="anotherNameGiven" classname="TwoferTest" time="0.001"/>
  <system-out><![CDATA[]]></system-out>
  <system-err><![CDATA[]]></system-err>
</testsuite>
